<?xml version="1.0" encoding="UTF-8"?>
<!-- Generated by org.testng.reporters.JUnitReportReporter -->
<testsuite skipped="3" hostname="EN911016" name="runner.Runner" tests="14" failures="4" timestamp="04 Sep 2019 14:30:19 GMT" time="48.319" errors="1">
  <testcase name="runScenario" time="5.022" classname="runner.Runner"/>
  <testcase name="runScenario" time="5.022" classname="runner.Runner"/>
  <testcase name="runScenario" time="4.418" classname="runner.Runner">
    <failure type="java.lang.AssertionError" message="1 expectation failed.
Expected status code &lt;200&gt; but was &lt;404&gt;.
">
      <![CDATA[java.lang.AssertionError: 1 expectation failed.
Expected status code <200> but was <404>.

at sun.reflect.NativeConstructorAccessorImpl.newInstance0(Native Method)
at sun.reflect.NativeConstructorAccessorImpl.newInstance(NativeConstructorAccessorImpl.java:62)
at sun.reflect.DelegatingConstructorAccessorImpl.newInstance(DelegatingConstructorAccessorImpl.java:45)
at java.lang.reflect.Constructor.newInstance(Constructor.java:423)
at org.codehaus.groovy.reflection.CachedConstructor.invoke(CachedConstructor.java:80)
at org.codehaus.groovy.reflection.CachedConstructor.doConstructorInvoke(CachedConstructor.java:74)
at org.codehaus.groovy.runtime.callsite.ConstructorSite$ConstructorSiteNoUnwrap.callConstructor(ConstructorSite.java:84)
at org.codehaus.groovy.runtime.callsite.AbstractCallSite.callConstructor(AbstractCallSite.java:249)
at io.restassured.internal.ResponseSpecificationImpl$HamcrestAssertionClosure.validate(ResponseSpecificationImpl.groovy:492)
at io.restassured.internal.ResponseSpecificationImpl$HamcrestAssertionClosure$validate$4.call(Unknown Source)
at io.restassured.internal.ResponseSpecificationImpl.validateResponseIfRequired(ResponseSpecificationImpl.groovy:655)
at sun.reflect.NativeMethodAccessorImpl.invoke0(Native Method)
at sun.reflect.NativeMethodAccessorImpl.invoke(NativeMethodAccessorImpl.java:62)
at sun.reflect.DelegatingMethodAccessorImpl.invoke(DelegatingMethodAccessorImpl.java:43)
at java.lang.reflect.Method.invoke(Method.java:498)
at org.codehaus.groovy.runtime.callsite.PlainObjectMetaMethodSite.doInvoke(PlainObjectMetaMethodSite.java:43)
at org.codehaus.groovy.runtime.callsite.PogoMetaMethodSite$PogoCachedMethodSiteNoUnwrapNoCoerce.invoke(PogoMetaMethodSite.java:190)
at org.codehaus.groovy.runtime.callsite.PogoMetaMethodSite.callCurrent(PogoMetaMethodSite.java:58)
at org.codehaus.groovy.runtime.callsite.AbstractCallSite.callCurrent(AbstractCallSite.java:168)
at org.codehaus.groovy.runtime.callsite.AbstractCallSite.callCurrent(AbstractCallSite.java:166)
at io.restassured.internal.ResponseSpecificationImpl.statusCode(ResponseSpecificationImpl.groovy:125)
at io.restassured.specification.ResponseSpecification$statusCode$5.callCurrent(Unknown Source)
at org.codehaus.groovy.runtime.callsite.CallSiteArray.defaultCallCurrent(CallSiteArray.java:51)
at org.codehaus.groovy.runtime.callsite.AbstractCallSite.callCurrent(AbstractCallSite.java:156)
at org.codehaus.groovy.runtime.callsite.AbstractCallSite.callCurrent(AbstractCallSite.java:168)
at io.restassured.internal.ResponseSpecificationImpl.statusCode(ResponseSpecificationImpl.groovy:133)
at io.restassured.internal.ValidatableResponseOptionsImpl.statusCode(ValidatableResponseOptionsImpl.java:89)
at io.restassured.internal.ValidatableResponseImpl.super$2$statusCode(ValidatableResponseImpl.groovy)
at sun.reflect.NativeMethodAccessorImpl.invoke0(Native Method)
at sun.reflect.NativeMethodAccessorImpl.invoke(NativeMethodAccessorImpl.java:62)
at sun.reflect.DelegatingMethodAccessorImpl.invoke(DelegatingMethodAccessorImpl.java:43)
at java.lang.reflect.Method.invoke(Method.java:498)
at org.codehaus.groovy.reflection.CachedMethod.invoke(CachedMethod.java:101)
at groovy.lang.MetaMethod.doMethodInvoke(MetaMethod.java:323)
at groovy.lang.MetaClassImpl.invokeMethod(MetaClassImpl.java:1217)
at org.codehaus.groovy.runtime.ScriptBytecodeAdapter.invokeMethodOnSuperN(ScriptBytecodeAdapter.java:144)
at io.restassured.internal.ValidatableResponseImpl.statusCode(ValidatableResponseImpl.groovy:142)
at io.restassured.internal.ValidatableResponseImpl.statusCode(ValidatableResponseImpl.groovy)
at utils.ResponseCreator.getBaseResponse(ResponseCreator.java:15)
at utils.ResponseCreator.createGetResponse(ResponseCreator.java:22)
at utils.ResponseFactory.createResponse(ResponseFactory.java:12)
at steps.marketdata.quotes.QuotesSteps.iCallTheQuotesWithSymbols(QuotesSteps.java:37)
at ✽.I call the quotes with DIS,VXX(file:src/test/resources/features/marketdata.feature:9)
]]>
    </failure>
  </testcase> <!-- runScenario -->
  <testcase name="runScenario" time="0.044" classname="runner.Runner">
    <skipped/>
  </testcase> <!-- runScenario -->
  <testcase name="runScenario" time="4.425" classname="runner.Runner">
    <failure type="java.lang.AssertionError" message="1 expectation failed.
Expected status code &lt;200&gt; but was &lt;404&gt;.
">
      <![CDATA[java.lang.AssertionError: 1 expectation failed.
Expected status code <200> but was <404>.

at sun.reflect.NativeConstructorAccessorImpl.newInstance0(Native Method)
at sun.reflect.NativeConstructorAccessorImpl.newInstance(NativeConstructorAccessorImpl.java:62)
at sun.reflect.DelegatingConstructorAccessorImpl.newInstance(DelegatingConstructorAccessorImpl.java:45)
at java.lang.reflect.Constructor.newInstance(Constructor.java:423)
at org.codehaus.groovy.reflection.CachedConstructor.invoke(CachedConstructor.java:80)
at org.codehaus.groovy.reflection.CachedConstructor.doConstructorInvoke(CachedConstructor.java:74)
at org.codehaus.groovy.runtime.callsite.ConstructorSite$ConstructorSiteNoUnwrap.callConstructor(ConstructorSite.java:84)
at org.codehaus.groovy.runtime.callsite.AbstractCallSite.callConstructor(AbstractCallSite.java:249)
at io.restassured.internal.ResponseSpecificationImpl$HamcrestAssertionClosure.validate(ResponseSpecificationImpl.groovy:492)
at io.restassured.internal.ResponseSpecificationImpl$HamcrestAssertionClosure$validate$4.call(Unknown Source)
at io.restassured.internal.ResponseSpecificationImpl.validateResponseIfRequired(ResponseSpecificationImpl.groovy:655)
at sun.reflect.NativeMethodAccessorImpl.invoke0(Native Method)
at sun.reflect.NativeMethodAccessorImpl.invoke(NativeMethodAccessorImpl.java:62)
at sun.reflect.DelegatingMethodAccessorImpl.invoke(DelegatingMethodAccessorImpl.java:43)
at java.lang.reflect.Method.invoke(Method.java:498)
at org.codehaus.groovy.runtime.callsite.PlainObjectMetaMethodSite.doInvoke(PlainObjectMetaMethodSite.java:43)
at org.codehaus.groovy.runtime.callsite.PogoMetaMethodSite$PogoCachedMethodSiteNoUnwrapNoCoerce.invoke(PogoMetaMethodSite.java:190)
at org.codehaus.groovy.runtime.callsite.PogoMetaMethodSite.callCurrent(PogoMetaMethodSite.java:58)
at org.codehaus.groovy.runtime.callsite.AbstractCallSite.callCurrent(AbstractCallSite.java:168)
at org.codehaus.groovy.runtime.callsite.AbstractCallSite.callCurrent(AbstractCallSite.java:166)
at io.restassured.internal.ResponseSpecificationImpl.statusCode(ResponseSpecificationImpl.groovy:125)
at io.restassured.specification.ResponseSpecification$statusCode$5.callCurrent(Unknown Source)
at org.codehaus.groovy.runtime.callsite.AbstractCallSite.callCurrent(AbstractCallSite.java:166)
at io.restassured.internal.ResponseSpecificationImpl.statusCode(ResponseSpecificationImpl.groovy:133)
at io.restassured.internal.ValidatableResponseOptionsImpl.statusCode(ValidatableResponseOptionsImpl.java:89)
at io.restassured.internal.ValidatableResponseImpl.super$2$statusCode(ValidatableResponseImpl.groovy)
at sun.reflect.NativeMethodAccessorImpl.invoke0(Native Method)
at sun.reflect.NativeMethodAccessorImpl.invoke(NativeMethodAccessorImpl.java:62)
at sun.reflect.DelegatingMethodAccessorImpl.invoke(DelegatingMethodAccessorImpl.java:43)
at java.lang.reflect.Method.invoke(Method.java:498)
at org.codehaus.groovy.reflection.CachedMethod.invoke(CachedMethod.java:101)
at groovy.lang.MetaMethod.doMethodInvoke(MetaMethod.java:323)
at groovy.lang.MetaClassImpl.invokeMethod(MetaClassImpl.java:1217)
at org.codehaus.groovy.runtime.ScriptBytecodeAdapter.invokeMethodOnSuperN(ScriptBytecodeAdapter.java:144)
at io.restassured.internal.ValidatableResponseImpl.statusCode(ValidatableResponseImpl.groovy:142)
at io.restassured.internal.ValidatableResponseImpl.statusCode(ValidatableResponseImpl.groovy)
at utils.ResponseCreator.getBaseResponse(ResponseCreator.java:15)
at utils.ResponseCreator.createPostResponse(ResponseCreator.java:29)
at utils.ResponseFactory.createResponse(ResponseFactory.java:15)
at steps.marketdata.quotes.QuotesSteps.iPostQuotesWithSymbols(QuotesSteps.java:53)
at ✽.I post quotes with symbols: AAPL,VXX(file:src/test/resources/features/marketdata.feature:17)
]]>
    </failure>
  </testcase> <!-- runScenario -->
  <testcase name="runScenario" time="0.049" classname="runner.Runner">
    <skipped/>
  </testcase> <!-- runScenario -->
  <testcase name="runScenario" time="4.300" classname="runner.Runner">
    <failure type="java.lang.AssertionError" message="1 expectation failed.
Expected status code &lt;200&gt; but was &lt;400&gt;.
">
      <![CDATA[java.lang.AssertionError: 1 expectation failed.
Expected status code <200> but was <400>.

at sun.reflect.NativeConstructorAccessorImpl.newInstance0(Native Method)
at sun.reflect.NativeConstructorAccessorImpl.newInstance(NativeConstructorAccessorImpl.java:62)
at sun.reflect.DelegatingConstructorAccessorImpl.newInstance(DelegatingConstructorAccessorImpl.java:45)
at java.lang.reflect.Constructor.newInstance(Constructor.java:423)
at org.codehaus.groovy.reflection.CachedConstructor.invoke(CachedConstructor.java:80)
at org.codehaus.groovy.reflection.CachedConstructor.doConstructorInvoke(CachedConstructor.java:74)
at org.codehaus.groovy.runtime.callsite.ConstructorSite$ConstructorSiteNoUnwrap.callConstructor(ConstructorSite.java:84)
at org.codehaus.groovy.runtime.callsite.CallSiteArray.defaultCallConstructor(CallSiteArray.java:59)
at org.codehaus.groovy.runtime.callsite.AbstractCallSite.callConstructor(AbstractCallSite.java:237)
at org.codehaus.groovy.runtime.callsite.AbstractCallSite.callConstructor(AbstractCallSite.java:249)
at io.restassured.internal.ResponseSpecificationImpl$HamcrestAssertionClosure.validate(ResponseSpecificationImpl.groovy:492)
at io.restassured.internal.ResponseSpecificationImpl$HamcrestAssertionClosure$validate$4.call(Unknown Source)
at io.restassured.internal.ResponseSpecificationImpl.validateResponseIfRequired(ResponseSpecificationImpl.groovy:655)
at sun.reflect.NativeMethodAccessorImpl.invoke0(Native Method)
at sun.reflect.NativeMethodAccessorImpl.invoke(NativeMethodAccessorImpl.java:62)
at sun.reflect.DelegatingMethodAccessorImpl.invoke(DelegatingMethodAccessorImpl.java:43)
at java.lang.reflect.Method.invoke(Method.java:498)
at org.codehaus.groovy.runtime.callsite.PlainObjectMetaMethodSite.doInvoke(PlainObjectMetaMethodSite.java:43)
at org.codehaus.groovy.runtime.callsite.PogoMetaMethodSite$PogoCachedMethodSiteNoUnwrapNoCoerce.invoke(PogoMetaMethodSite.java:190)
at org.codehaus.groovy.runtime.callsite.PogoMetaMethodSite.callCurrent(PogoMetaMethodSite.java:58)
at org.codehaus.groovy.runtime.callsite.AbstractCallSite.callCurrent(AbstractCallSite.java:168)
at org.codehaus.groovy.runtime.callsite.AbstractCallSite.callCurrent(AbstractCallSite.java:166)
at io.restassured.internal.ResponseSpecificationImpl.statusCode(ResponseSpecificationImpl.groovy:125)
at io.restassured.specification.ResponseSpecification$statusCode$5.callCurrent(Unknown Source)
at org.codehaus.groovy.runtime.callsite.AbstractCallSite.callCurrent(AbstractCallSite.java:166)
at io.restassured.internal.ResponseSpecificationImpl.statusCode(ResponseSpecificationImpl.groovy:133)
at io.restassured.internal.ValidatableResponseOptionsImpl.statusCode(ValidatableResponseOptionsImpl.java:89)
at io.restassured.internal.ValidatableResponseImpl.super$2$statusCode(ValidatableResponseImpl.groovy)
at sun.reflect.NativeMethodAccessorImpl.invoke0(Native Method)
at sun.reflect.NativeMethodAccessorImpl.invoke(NativeMethodAccessorImpl.java:62)
at sun.reflect.DelegatingMethodAccessorImpl.invoke(DelegatingMethodAccessorImpl.java:43)
at java.lang.reflect.Method.invoke(Method.java:498)
at org.codehaus.groovy.reflection.CachedMethod.invoke(CachedMethod.java:101)
at groovy.lang.MetaMethod.doMethodInvoke(MetaMethod.java:323)
at groovy.lang.MetaClassImpl.invokeMethod(MetaClassImpl.java:1217)
at org.codehaus.groovy.runtime.ScriptBytecodeAdapter.invokeMethodOnSuperN(ScriptBytecodeAdapter.java:144)
at io.restassured.internal.ValidatableResponseImpl.statusCode(ValidatableResponseImpl.groovy:142)
at io.restassured.internal.ValidatableResponseImpl.statusCode(ValidatableResponseImpl.groovy)
at utils.ResponseCreator.getBaseResponse(ResponseCreator.java:15)
at utils.ResponseCreator.createGetResponse(ResponseCreator.java:22)
at utils.ResponseFactory.createResponse(ResponseFactory.java:12)
at steps.marketdata.clock.ClockSteps.ICallTheClock(ClockSteps.java:20)
at ✽.I call the clock(file:src/test/resources/features/marketdata.feature:61)
]]>
    </failure>
  </testcase> <!-- runScenario -->
  <testcase name="runScenario" time="4.908" classname="runner.Runner"/>
  <testcase name="runScenario" time="0.055" classname="runner.Runner">
    <skipped/>
  </testcase> <!-- runScenario -->
  <testcase name="runScenario" time="5.021" classname="runner.Runner"/>
  <testcase name="runScenario" time="5.038" classname="runner.Runner">
    <error type="java.lang.NullPointerException">
      <![CDATA[java.lang.NullPointerException
at steps.marketdata.history.AssertHistorySteps.iReceiveTheHistoricalPricingRelatedToTheSymbol(AssertHistorySteps.java:18)
at ✽.I receive the historical pricing related to the AC(file:src/test/resources/features/marketdata.feature:50)
]]>
    </error>
  </testcase> <!-- runScenario -->
  <testcase name="runScenario" time="4.435" classname="runner.Runner">
    <failure type="java.lang.AssertionError" message="1 expectation failed.
Expected status code &lt;200&gt; but was &lt;404&gt;.
">
      <![CDATA[java.lang.AssertionError: 1 expectation failed.
Expected status code <200> but was <404>.

at sun.reflect.NativeConstructorAccessorImpl.newInstance0(Native Method)
at sun.reflect.NativeConstructorAccessorImpl.newInstance(NativeConstructorAccessorImpl.java:62)
at sun.reflect.DelegatingConstructorAccessorImpl.newInstance(DelegatingConstructorAccessorImpl.java:45)
at java.lang.reflect.Constructor.newInstance(Constructor.java:423)
at org.codehaus.groovy.reflection.CachedConstructor.invoke(CachedConstructor.java:80)
at org.codehaus.groovy.reflection.CachedConstructor.doConstructorInvoke(CachedConstructor.java:74)
at org.codehaus.groovy.runtime.callsite.ConstructorSite$ConstructorSiteNoUnwrap.callConstructor(ConstructorSite.java:84)
at org.codehaus.groovy.runtime.callsite.AbstractCallSite.callConstructor(AbstractCallSite.java:249)
at io.restassured.internal.ResponseSpecificationImpl$HamcrestAssertionClosure.validate(ResponseSpecificationImpl.groovy:492)
at io.restassured.internal.ResponseSpecificationImpl$HamcrestAssertionClosure$validate$4.call(Unknown Source)
at io.restassured.internal.ResponseSpecificationImpl.validateResponseIfRequired(ResponseSpecificationImpl.groovy:655)
at sun.reflect.NativeMethodAccessorImpl.invoke0(Native Method)
at sun.reflect.NativeMethodAccessorImpl.invoke(NativeMethodAccessorImpl.java:62)
at sun.reflect.DelegatingMethodAccessorImpl.invoke(DelegatingMethodAccessorImpl.java:43)
at java.lang.reflect.Method.invoke(Method.java:498)
at org.codehaus.groovy.runtime.callsite.PlainObjectMetaMethodSite.doInvoke(PlainObjectMetaMethodSite.java:43)
at org.codehaus.groovy.runtime.callsite.PogoMetaMethodSite$PogoCachedMethodSiteNoUnwrapNoCoerce.invoke(PogoMetaMethodSite.java:190)
at org.codehaus.groovy.runtime.callsite.PogoMetaMethodSite.callCurrent(PogoMetaMethodSite.java:58)
at org.codehaus.groovy.runtime.callsite.AbstractCallSite.callCurrent(AbstractCallSite.java:168)
at org.codehaus.groovy.runtime.callsite.AbstractCallSite.callCurrent(AbstractCallSite.java:166)
at io.restassured.internal.ResponseSpecificationImpl.statusCode(ResponseSpecificationImpl.groovy:125)
at io.restassured.specification.ResponseSpecification$statusCode$5.callCurrent(Unknown Source)
at org.codehaus.groovy.runtime.callsite.AbstractCallSite.callCurrent(AbstractCallSite.java:166)
at io.restassured.internal.ResponseSpecificationImpl.statusCode(ResponseSpecificationImpl.groovy:133)
at io.restassured.internal.ValidatableResponseOptionsImpl.statusCode(ValidatableResponseOptionsImpl.java:89)
at io.restassured.internal.ValidatableResponseImpl.super$2$statusCode(ValidatableResponseImpl.groovy)
at sun.reflect.NativeMethodAccessorImpl.invoke0(Native Method)
at sun.reflect.NativeMethodAccessorImpl.invoke(NativeMethodAccessorImpl.java:62)
at sun.reflect.DelegatingMethodAccessorImpl.invoke(DelegatingMethodAccessorImpl.java:43)
at java.lang.reflect.Method.invoke(Method.java:498)
at org.codehaus.groovy.reflection.CachedMethod.invoke(CachedMethod.java:101)
at groovy.lang.MetaMethod.doMethodInvoke(MetaMethod.java:323)
at groovy.lang.MetaClassImpl.invokeMethod(MetaClassImpl.java:1217)
at org.codehaus.groovy.runtime.ScriptBytecodeAdapter.invokeMethodOnSuperN(ScriptBytecodeAdapter.java:144)
at io.restassured.internal.ValidatableResponseImpl.statusCode(ValidatableResponseImpl.groovy:142)
at io.restassured.internal.ValidatableResponseImpl.statusCode(ValidatableResponseImpl.groovy)
at utils.ResponseCreator.getBaseResponse(ResponseCreator.java:15)
at utils.ResponseCreator.createGetResponse(ResponseCreator.java:22)
at utils.ResponseFactory.createResponse(ResponseFactory.java:12)
at steps.marketdata.options.OptionsSteps.ICallQuotesWithSymbolAndExpirationDate(OptionsSteps.java:38)
at ✽.I call quotes with symbol: VXX expiration date: 2019-09-20(file:src/test/resources/features/marketdata.feature:22)
]]>
    </failure>
  </testcase> <!-- runScenario -->
  <testcase name="runScenario" time="4.930" classname="runner.Runner"/>
  <testcase name="runScenario" time="0.652" classname="runner.Runner"/>
</testsuite> <!-- runner.Runner -->
